Start testing: Jan 17 16:07 CET
----------------------------------------------------------
1/1 Testing: SimpleTest
1/1 Test: SimpleTest
Command: "/home/iut45/Etudiants/o22202608/WinHome/multimedia/TP8-Multimedia/BUILD/td"
Directory: /home/iut45/Etudiants/o22202608/WinHome/multimedia/TP8-Multimedia/BUILD
"SimpleTest" start time: Jan 17 16:07 CET
Output:
----------------------------------------------------------
<end of output>
Test time = 303.45 sec
----------------------------------------------------------
Test Passed.
"SimpleTest" end time: Jan 17 16:12 CET
"SimpleTest" time elapsed: 00:05:03
----------------------------------------------------------

End testing: Jan 17 16:12 CET
